2020-08-20 09:37:30.761 [main] INFO  o.s.c.a.AnnotationConfigApplicationContext -Refreshing org.springframework.context.annotation.AnnotationConfigApplicationContext@5fe94a96: startup date [Thu Aug 20 09:37:30 CST 2020]; root of context hierarchy
2020-08-20 09:37:31.119 [main] INFO  o.s.b.f.a.AutowiredAnnotationBeanPostProcessor -JSR-330 'javax.inject.Inject' annotation found and supported for autowiring
2020-08-20 09:37:31.193 [main] INFO  o.s.c.s.PostProcessorRegistrationDelegate$BeanPostProcessorChecker -Bean 'configurationPropertiesRebinderAutoConfiguration' of type [org.springframework.cloud.autoconfigure.ConfigurationPropertiesRebinderAutoConfiguration$$EnhancerBySpringCGLIB$$259bb785] is not eligible for getting processed by all BeanPostProcessors (for example: not eligible for auto-proxying)
2020-08-20 09:37:31.298 [main] INFO  o.h.validator.internal.util.Version -HV000001: Hibernate Validator 5.3.4.Final
2020-08-20 09:37:32.718 [main] INFO  com.lecar.EurekaServer -No active profile set, falling back to default profiles: default
2020-08-20 09:37:32.804 [main] INFO  o.s.b.c.e.AnnotationConfigEmbeddedWebApplicationContext -Refreshing org.springframework.boot.context.embedded.AnnotationConfigEmbeddedWebApplicationContext@cd1d761: startup date [Thu Aug 20 09:37:32 CST 2020]; parent: org.springframework.context.annotation.AnnotationConfigApplicationContext@5fe94a96
2020-08-20 09:37:33.752 [main] WARN  o.s.c.a.ConfigurationClassPostProcessor -Cannot enhance @Configuration bean definition 'refreshScope' since its singleton instance has been created too early. The typical cause is a non-static @Bean method with a BeanDefinitionRegistryPostProcessor return type: Consider declaring such methods as 'static'.
2020-08-20 09:37:33.902 [main] INFO  o.s.cloud.context.scope.GenericScope -BeanFactory id=1e683dc0-0069-36b2-9921-18a155ebd659
2020-08-20 09:37:33.913 [main] INFO  o.s.b.f.a.AutowiredAnnotationBeanPostProcessor -JSR-330 'javax.inject.Inject' annotation found and supported for autowiring
2020-08-20 09:37:34.032 [main] INFO  o.s.c.s.PostProcessorRegistrationDelegate$BeanPostProcessorChecker -Bean 'org.springframework.cloud.autoconfigure.ConfigurationPropertiesRebinderAutoConfiguration' of type [org.springframework.cloud.autoconfigure.ConfigurationPropertiesRebinderAutoConfiguration$$EnhancerBySpringCGLIB$$259bb785] is not eligible for getting processed by all BeanPostProcessors (for example: not eligible for auto-proxying)
2020-08-20 09:37:34.352 [main] INFO  o.s.b.c.e.t.TomcatEmbeddedServletContainer -Tomcat initialized with port(s): 7070 (http)
2020-08-20 09:37:34.359 [main] INFO  o.a.catalina.core.StandardService -Starting service Tomcat
2020-08-20 09:37:34.360 [main] INFO  o.a.catalina.core.StandardEngine -Starting Servlet Engine: Apache Tomcat/8.5.11
2020-08-20 09:37:34.534 [localhost-startStop-1] INFO  o.a.c.c.C.[Tomcat].[localhost].[/] -Initializing Spring embedded WebApplicationContext
2020-08-20 09:37:34.534 [localhost-startStop-1] INFO  o.s.web.context.ContextLoader -Root WebApplicationContext: initialization completed in 1730 ms
2020-08-20 09:37:35.186 [localhost-startStop-1] INFO  o.s.b.w.s.FilterRegistrationBean -Mapping filter: 'metricsFilter' to: [/*]
2020-08-20 09:37:35.186 [localhost-startStop-1] INFO  o.s.b.w.s.FilterRegistrationBean -Mapping filter: 'characterEncodingFilter' to: [/*]
2020-08-20 09:37:35.186 [localhost-startStop-1] INFO  o.s.b.w.s.FilterRegistrationBean -Mapping filter: 'hiddenHttpMethodFilter' to: [/*]
2020-08-20 09:37:35.186 [localhost-startStop-1] INFO  o.s.b.w.s.FilterRegistrationBean -Mapping filter: 'httpPutFormContentFilter' to: [/*]
2020-08-20 09:37:35.186 [localhost-startStop-1] INFO  o.s.b.w.s.FilterRegistrationBean -Mapping filter: 'requestContextFilter' to: [/*]
2020-08-20 09:37:35.187 [localhost-startStop-1] INFO  o.s.b.w.s.FilterRegistrationBean -Mapping filter: 'webRequestTraceFilter' to: [/*]
2020-08-20 09:37:35.187 [localhost-startStop-1] INFO  o.s.b.w.s.FilterRegistrationBean -Mapping filter: 'servletContainer' to urls: [/eureka/*]
2020-08-20 09:37:35.187 [localhost-startStop-1] INFO  o.s.b.w.s.FilterRegistrationBean -Mapping filter: 'applicationContextIdFilter' to: [/*]
2020-08-20 09:37:35.187 [localhost-startStop-1] INFO  o.s.b.w.s.ServletRegistrationBean -Mapping servlet: 'dispatcherServlet' to [/]
2020-08-20 09:37:35.403 [localhost-startStop-1] INFO  c.s.j.s.i.a.WebApplicationImpl -Initiating Jersey application, version 'Jersey: 1.19.1 03/11/2016 02:08 PM'
2020-08-20 09:37:35.468 [localhost-startStop-1] INFO  c.n.d.p.DiscoveryJerseyProvider -Using JSON encoding codec LegacyJacksonJson
2020-08-20 09:37:35.468 [localhost-startStop-1] INFO  c.n.d.p.DiscoveryJerseyProvider -Using JSON decoding codec LegacyJacksonJson
2020-08-20 09:37:35.564 [localhost-startStop-1] INFO  c.n.d.p.DiscoveryJerseyProvider -Using XML encoding codec XStreamXml
2020-08-20 09:37:35.565 [localhost-startStop-1] INFO  c.n.d.p.DiscoveryJerseyProvider -Using XML decoding codec XStreamXml
2020-08-20 09:37:36.947 [main] INFO  o.s.c.n.eureka.InstanceInfoFactory -Setting initial instance status as: STARTING
2020-08-20 09:37:37.055 [main] INFO  c.netflix.discovery.DiscoveryClient -Client configured to neither register nor query for data.
2020-08-20 09:37:37.061 [main] INFO  c.netflix.discovery.DiscoveryClient -Discovery Client initialized at timestamp 1597887457060 with initial instances count: 0
2020-08-20 09:37:37.199 [main] INFO  c.n.e.DefaultEurekaServerContext -Initializing ...
2020-08-20 09:37:37.200 [main] INFO  c.n.eureka.cluster.PeerEurekaNodes -Adding new peer nodes [http://localhost:7070/eureka/]
2020-08-20 09:37:38.072 [main] INFO  c.n.d.p.DiscoveryJerseyProvider -Using JSON encoding codec LegacyJacksonJson
2020-08-20 09:37:38.072 [main] INFO  c.n.d.p.DiscoveryJerseyProvider -Using JSON decoding codec LegacyJacksonJson
2020-08-20 09:37:38.072 [main] INFO  c.n.d.p.DiscoveryJerseyProvider -Using XML encoding codec XStreamXml
2020-08-20 09:37:38.072 [main] INFO  c.n.d.p.DiscoveryJerseyProvider -Using XML decoding codec XStreamXml
2020-08-20 09:37:38.237 [main] INFO  c.n.eureka.cluster.PeerEurekaNodes -Replica node URL:  http://localhost:7070/eureka/
2020-08-20 09:37:38.241 [main] INFO  c.n.e.r.AbstractInstanceRegistry -Finished initializing remote region registries. All known remote regions: []
2020-08-20 09:37:38.242 [main] INFO  c.n.e.DefaultEurekaServerContext -Initialized
2020-08-20 09:37:38.520 [main] INFO  o.s.w.s.m.m.a.RequestMappingHandlerAdapter -Looking for @ControllerAdvice: org.springframework.boot.context.embedded.AnnotationConfigEmbeddedWebApplicationContext@cd1d761: startup date [Thu Aug 20 09:37:32 CST 2020]; parent: org.springframework.context.annotation.AnnotationConfigApplicationContext@5fe94a96
2020-08-20 09:37:38.600 [main] INFO  o.s.w.s.m.m.a.RequestMappingHandlerMapping -Mapped "{[/],methods=[GET]}" onto public java.lang.String org.springframework.cloud.netflix.eureka.server.EurekaController.status(javax.servlet.http.HttpServletRequest,java.util.Map<java.lang.String, java.lang.Object>)
2020-08-20 09:37:38.600 [main] INFO  o.s.w.s.m.m.a.RequestMappingHandlerMapping -Mapped "{[/lastn],methods=[GET]}" onto public java.lang.String org.springframework.cloud.netflix.eureka.server.EurekaController.lastn(javax.servlet.http.HttpServletRequest,java.util.Map<java.lang.String, java.lang.Object>)
2020-08-20 09:37:38.602 [main] INFO  o.s.w.s.m.m.a.RequestMappingHandlerMapping -Mapped "{[/error]}" onto public org.springframework.http.ResponseEntity<java.util.Map<java.lang.String, java.lang.Object>> org.springframework.boot.autoconfigure.web.BasicErrorController.error(javax.servlet.http.HttpServletRequest)
2020-08-20 09:37:38.602 [main] INFO  o.s.w.s.m.m.a.RequestMappingHandlerMapping -Mapped "{[/error],produces=[text/html]}" onto public org.springframework.web.servlet.ModelAndView org.springframework.boot.autoconfigure.web.BasicErrorController.errorHtml(javax.servlet.http.HttpServletRequest,javax.servlet.http.HttpServletResponse)
2020-08-20 09:37:38.624 [main] INFO  o.s.w.s.h.SimpleUrlHandlerMapping -Mapped URL path [/webjars/**] onto handler of type [class org.springframework.web.servlet.resource.ResourceHttpRequestHandler]
2020-08-20 09:37:38.624 [main] INFO  o.s.w.s.h.SimpleUrlHandlerMapping -Mapped URL path [/**] onto handler of type [class org.springframework.web.servlet.resource.ResourceHttpRequestHandler]
2020-08-20 09:37:38.651 [main] INFO  o.s.w.s.h.SimpleUrlHandlerMapping -Mapped URL path [/**/favicon.ico] onto handler of type [class org.springframework.web.servlet.resource.ResourceHttpRequestHandler]
2020-08-20 09:37:39.100 [main] INFO  o.s.b.a.e.mvc.EndpointHandlerMapping -Mapped "{[/beans || /beans.json],methods=[GET],produces=[application/vnd.spring-boot.actuator.v1+json || application/json]}" onto public java.lang.Object org.springframework.boot.actuate.endpoint.mvc.EndpointMvcAdapter.invoke()
2020-08-20 09:37:39.100 [main] INFO  o.s.b.a.e.mvc.EndpointHandlerMapping -Mapped "{[/env/{name:.*}],methods=[GET],produces=[application/vnd.spring-boot.actuator.v1+json || application/json]}" onto public java.lang.Object org.springframework.boot.actuate.endpoint.mvc.EnvironmentMvcEndpoint.value(java.lang.String)
2020-08-20 09:37:39.100 [main] INFO  o.s.b.a.e.mvc.EndpointHandlerMapping -Mapped "{[/env || /env.json],methods=[GET],produces=[application/vnd.spring-boot.actuator.v1+json || application/json]}" onto public java.lang.Object org.springframework.boot.actuate.endpoint.mvc.EndpointMvcAdapter.invoke()
2020-08-20 09:37:39.101 [main] INFO  o.s.b.a.e.mvc.EndpointHandlerMapping -Mapped "{[/mappings || /mappings.json],methods=[GET],produces=[application/vnd.spring-boot.actuator.v1+json || application/json]}" onto public java.lang.Object org.springframework.boot.actuate.endpoint.mvc.EndpointMvcAdapter.invoke()
2020-08-20 09:37:39.101 [main] INFO  o.s.b.a.e.mvc.EndpointHandlerMapping -Mapped "{[/info || /info.json],methods=[GET],produces=[application/vnd.spring-boot.actuator.v1+json || application/json]}" onto public java.lang.Object org.springframework.boot.actuate.endpoint.mvc.EndpointMvcAdapter.invoke()
2020-08-20 09:37:39.101 [main] INFO  o.s.b.a.e.mvc.EndpointHandlerMapping -Mapped "{[/heapdump || /heapdump.json],methods=[GET],produces=[application/octet-stream]}" onto public void org.springframework.boot.actuate.endpoint.mvc.HeapdumpMvcEndpoint.invoke(boolean,javax.servlet.http.HttpServletRequest,javax.servlet.http.HttpServletResponse) throws java.io.IOException,javax.servlet.ServletException
2020-08-20 09:37:39.102 [main] INFO  o.s.b.a.e.mvc.EndpointHandlerMapping -Mapped "{[/env],methods=[POST]}" onto public java.lang.Object org.springframework.cloud.context.environment.EnvironmentManagerMvcEndpoint.value(java.util.Map<java.lang.String, java.lang.String>)
2020-08-20 09:37:39.102 [main] INFO  o.s.b.a.e.mvc.EndpointHandlerMapping -Mapped "{[/env/reset],methods=[POST]}" onto public java.util.Map<java.lang.String, java.lang.Object> org.springframework.cloud.context.environment.EnvironmentManagerMvcEndpoint.reset()
2020-08-20 09:37:39.102 [main] INFO  o.s.b.a.e.mvc.EndpointHandlerMapping -Mapped "{[/autoconfig || /autoconfig.json],methods=[GET],produces=[application/vnd.spring-boot.actuator.v1+json || application/json]}" onto public java.lang.Object org.springframework.boot.actuate.endpoint.mvc.EndpointMvcAdapter.invoke()
2020-08-20 09:37:39.103 [main] INFO  o.s.b.a.e.mvc.EndpointHandlerMapping -Mapped "{[/archaius || /archaius.json],methods=[GET],produces=[application/vnd.spring-boot.actuator.v1+json || application/json]}" onto public java.lang.Object org.springframework.boot.actuate.endpoint.mvc.EndpointMvcAdapter.invoke()
2020-08-20 09:37:39.103 [main] INFO  o.s.b.a.e.mvc.EndpointHandlerMapping -Mapped "{[/resume || /resume.json],methods=[POST]}" onto public java.lang.Object org.springframework.cloud.endpoint.GenericPostableMvcEndpoint.invoke()
2020-08-20 09:37:39.103 [main] INFO  o.s.b.a.e.mvc.EndpointHandlerMapping -Mapped "{[/features || /features.json],methods=[GET],produces=[application/vnd.spring-boot.actuator.v1+json || application/json]}" onto public java.lang.Object org.springframework.boot.actuate.endpoint.mvc.EndpointMvcAdapter.invoke()
2020-08-20 09:37:39.104 [main] INFO  o.s.b.a.e.mvc.EndpointHandlerMapping -Mapped "{[/trace || /trace.json],methods=[GET],produces=[application/vnd.spring-boot.actuator.v1+json || application/json]}" onto public java.lang.Object org.springframework.boot.actuate.endpoint.mvc.EndpointMvcAdapter.invoke()
2020-08-20 09:37:39.104 [main] INFO  o.s.b.a.e.mvc.EndpointHandlerMapping -Mapped "{[/dump || /dump.json],methods=[GET],produces=[application/vnd.spring-boot.actuator.v1+json || application/json]}" onto public java.lang.Object org.springframework.boot.actuate.endpoint.mvc.EndpointMvcAdapter.invoke()
2020-08-20 09:37:39.104 [main] INFO  o.s.b.a.e.mvc.EndpointHandlerMapping -Mapped "{[/metrics/{name:.*}],methods=[GET],produces=[application/vnd.spring-boot.actuator.v1+json || application/json]}" onto public java.lang.Object org.springframework.boot.actuate.endpoint.mvc.MetricsMvcEndpoint.value(java.lang.String)
2020-08-20 09:37:39.105 [main] INFO  o.s.b.a.e.mvc.EndpointHandlerMapping -Mapped "{[/metrics || /metrics.json],methods=[GET],produces=[application/vnd.spring-boot.actuator.v1+json || application/json]}" onto public java.lang.Object org.springframework.boot.actuate.endpoint.mvc.EndpointMvcAdapter.invoke()
2020-08-20 09:37:39.105 [main] INFO  o.s.b.a.e.mvc.EndpointHandlerMapping -Mapped "{[/pause || /pause.json],methods=[POST]}" onto public java.lang.Object org.springframework.cloud.endpoint.GenericPostableMvcEndpoint.invoke()
2020-08-20 09:37:39.106 [main] INFO  o.s.b.a.e.mvc.EndpointHandlerMapping -Mapped "{[/refresh || /refresh.json],methods=[POST]}" onto public java.lang.Object org.springframework.cloud.endpoint.GenericPostableMvcEndpoint.invoke()
2020-08-20 09:37:39.106 [main] INFO  o.s.b.a.e.mvc.EndpointHandlerMapping -Mapped "{[/health || /health.json],methods=[GET],produces=[application/vnd.spring-boot.actuator.v1+json || application/json]}" onto public java.lang.Object org.springframework.boot.actuate.endpoint.mvc.HealthMvcEndpoint.invoke(javax.servlet.http.HttpServletRequest,java.security.Principal)
2020-08-20 09:37:39.107 [main] INFO  o.s.b.a.e.mvc.EndpointHandlerMapping -Mapped "{[/loggers/{name:.*}],methods=[GET],produces=[application/vnd.spring-boot.actuator.v1+json || application/json]}" onto public java.lang.Object org.springframework.boot.actuate.endpoint.mvc.LoggersMvcEndpoint.get(java.lang.String)
2020-08-20 09:37:39.107 [main] INFO  o.s.b.a.e.mvc.EndpointHandlerMapping -Mapped "{[/loggers/{name:.*}],methods=[POST],consumes=[application/vnd.spring-boot.actuator.v1+json || application/json],produces=[application/vnd.spring-boot.actuator.v1+json || application/json]}" onto public java.lang.Object org.springframework.boot.actuate.endpoint.mvc.LoggersMvcEndpoint.set(java.lang.String,java.util.Map<java.lang.String, java.lang.String>)
2020-08-20 09:37:39.107 [main] INFO  o.s.b.a.e.mvc.EndpointHandlerMapping -Mapped "{[/loggers || /loggers.json],methods=[GET],produces=[application/vnd.spring-boot.actuator.v1+json || application/json]}" onto public java.lang.Object org.springframework.boot.actuate.endpoint.mvc.EndpointMvcAdapter.invoke()
2020-08-20 09:37:39.107 [main] INFO  o.s.b.a.e.mvc.EndpointHandlerMapping -Mapped "{[/auditevents || /auditevents.json],methods=[GET],produces=[application/vnd.spring-boot.actuator.v1+json || application/json]}" onto public org.springframework.http.ResponseEntity<?> org.springframework.boot.actuate.endpoint.mvc.AuditEventsMvcEndpoint.findByPrincipalAndAfterAndType(java.lang.String,java.util.Date,java.lang.String)
2020-08-20 09:37:39.108 [main] INFO  o.s.b.a.e.mvc.EndpointHandlerMapping -Mapped "{[/restart || /restart.json],methods=[POST]}" onto public java.lang.Object org.springframework.cloud.context.restart.RestartMvcEndpoint.invoke()
2020-08-20 09:37:39.108 [main] INFO  o.s.b.a.e.mvc.EndpointHandlerMapping -Mapped "{[/configprops || /configprops.json],methods=[GET],produces=[application/vnd.spring-boot.actuator.v1+json || application/json]}" onto public java.lang.Object org.springframework.boot.actuate.endpoint.mvc.EndpointMvcAdapter.invoke()
2020-08-20 09:37:39.302 [main] INFO  o.s.u.f.SpringTemplateLoader -SpringTemplateLoader for FreeMarker: using resource loader [org.springframework.boot.context.embedded.AnnotationConfigEmbeddedWebApplicationContext@cd1d761: startup date [Thu Aug 20 09:37:32 CST 2020]; parent: org.springframework.context.annotation.AnnotationConfigApplicationContext@5fe94a96] and template loader path [classpath:/templates/]
2020-08-20 09:37:39.303 [main] INFO  o.s.w.s.v.f.FreeMarkerConfigurer -ClassTemplateLoader for Spring macros added to FreeMarker configuration
2020-08-20 09:37:39.449 [main] WARN  c.n.c.sources.URLConfigurationSource -No URLs will be polled as dynamic configuration sources.
2020-08-20 09:37:39.449 [main] INFO  c.n.c.sources.URLConfigurationSource -To enable URLs as dynamic configuration sources, define System property archaius.configurationSource.additionalUrls or make config.properties available on classpath.
2020-08-20 09:37:39.471 [main] WARN  c.n.c.sources.URLConfigurationSource -No URLs will be polled as dynamic configuration sources.
2020-08-20 09:37:39.471 [main] INFO  c.n.c.sources.URLConfigurationSource -To enable URLs as dynamic configuration sources, define System property archaius.configurationSource.additionalUrls or make config.properties available on classpath.
2020-08-20 09:37:39.584 [main] INFO  o.s.j.e.a.AnnotationMBeanExporter -Registering beans for JMX exposure on startup
2020-08-20 09:37:39.590 [main] INFO  o.s.j.e.a.AnnotationMBeanExporter -Bean with name 'refreshScope' has been autodetected for JMX exposure
2020-08-20 09:37:39.590 [main] INFO  o.s.j.e.a.AnnotationMBeanExporter -Bean with name 'environmentManager' has been autodetected for JMX exposure
2020-08-20 09:37:39.591 [main] INFO  o.s.j.e.a.AnnotationMBeanExporter -Bean with name 'configurationPropertiesRebinder' has been autodetected for JMX exposure
2020-08-20 09:37:39.591 [main] INFO  o.s.j.e.a.AnnotationMBeanExporter -Bean with name 'refreshEndpoint' has been autodetected for JMX exposure
2020-08-20 09:37:39.592 [main] INFO  o.s.j.e.a.AnnotationMBeanExporter -Bean with name 'restartEndpoint' has been autodetected for JMX exposure
2020-08-20 09:37:39.593 [main] INFO  o.s.j.e.a.AnnotationMBeanExporter -Located managed bean 'environmentManager': registering with JMX server as MBean [org.springframework.cloud.context.environment:name=environmentManager,type=EnvironmentManager]
2020-08-20 09:37:39.604 [main] INFO  o.s.j.e.a.AnnotationMBeanExporter -Located managed bean 'restartEndpoint': registering with JMX server as MBean [org.springframework.cloud.context.restart:name=restartEndpoint,type=RestartEndpoint]
2020-08-20 09:37:39.610 [main] INFO  o.s.j.e.a.AnnotationMBeanExporter -Located managed bean 'refreshScope': registering with JMX server as MBean [org.springframework.cloud.context.scope.refresh:name=refreshScope,type=RefreshScope]
2020-08-20 09:37:39.617 [main] INFO  o.s.j.e.a.AnnotationMBeanExporter -Located managed bean 'configurationPropertiesRebinder': registering with JMX server as MBean [org.springframework.cloud.context.properties:name=configurationPropertiesRebinder,context=cd1d761,type=ConfigurationPropertiesRebinder]
2020-08-20 09:37:39.621 [main] INFO  o.s.j.e.a.AnnotationMBeanExporter -Located managed bean 'refreshEndpoint': registering with JMX server as MBean [org.springframework.cloud.endpoint:name=refreshEndpoint,type=RefreshEndpoint]
2020-08-20 09:37:39.622 [main] INFO  o.s.b.a.e.jmx.EndpointMBeanExporter -Registering beans for JMX exposure on startup
2020-08-20 09:37:39.771 [main] INFO  o.s.c.s.DefaultLifecycleProcessor -Starting beans in phase 0
2020-08-20 09:37:39.772 [main] INFO  o.s.c.n.e.EurekaDiscoveryClientConfiguration -Registering application eureka-server with eureka with status UP
2020-08-20 09:37:39.772 [Thread-32] INFO  o.s.c.n.e.s.EurekaServerBootstrap -Setting the eureka configuration..
2020-08-20 09:37:39.772 [Thread-32] INFO  o.s.c.n.e.s.EurekaServerBootstrap -Eureka data center value eureka.datacenter is not set, defaulting to default
2020-08-20 09:37:39.772 [Thread-32] INFO  o.s.c.n.e.s.EurekaServerBootstrap -Eureka environment value eureka.environment is not set, defaulting to test
2020-08-20 09:37:39.774 [main] INFO  o.s.b.a.e.jmx.EndpointMBeanExporter -Located managed bean 'auditEventsEndpoint': registering with JMX server as MBean [org.springframework.boot:type=Endpoint,name=auditEventsEndpoint]
2020-08-20 09:37:39.789 [main] INFO  o.s.b.a.e.jmx.EndpointMBeanExporter -Located managed bean 'featuresEndpoint': registering with JMX server as MBean [org.springframework.boot:type=Endpoint,name=featuresEndpoint]
2020-08-20 09:37:39.802 [Thread-32] INFO  o.s.c.n.e.s.EurekaServerBootstrap -isAws returned false
2020-08-20 09:37:39.802 [Thread-32] INFO  o.s.c.n.e.s.EurekaServerBootstrap -Initialized server context
2020-08-20 09:37:39.803 [Thread-32] INFO  c.n.e.r.PeerAwareInstanceRegistryImpl -Got 1 instances from neighboring DS node
2020-08-20 09:37:39.803 [Thread-32] INFO  c.n.e.r.PeerAwareInstanceRegistryImpl -Renew threshold is: 1
2020-08-20 09:37:39.803 [Thread-32] INFO  c.n.e.r.PeerAwareInstanceRegistryImpl -Changing status to UP
2020-08-20 09:37:39.804 [main] INFO  o.s.b.a.e.jmx.EndpointMBeanExporter -Located managed bean 'requestMappingEndpoint': registering with JMX server as MBean [org.springframework.boot:type=Endpoint,name=requestMappingEndpoint]
2020-08-20 09:37:39.805 [main] INFO  o.s.b.a.e.jmx.EndpointMBeanExporter -Located managed bean 'environmentEndpoint': registering with JMX server as MBean [org.springframework.boot:type=Endpoint,name=environmentEndpoint]
2020-08-20 09:37:39.806 [Thread-32] INFO  o.s.c.n.e.s.EurekaServerInitializerConfiguration -Started Eureka Server
2020-08-20 09:37:39.807 [main] INFO  o.s.b.a.e.jmx.EndpointMBeanExporter -Located managed bean 'healthEndpoint': registering with JMX server as MBean [org.springframework.boot:type=Endpoint,name=healthEndpoint]
2020-08-20 09:37:39.808 [main] INFO  o.s.b.a.e.jmx.EndpointMBeanExporter -Located managed bean 'beansEndpoint': registering with JMX server as MBean [org.springframework.boot:type=Endpoint,name=beansEndpoint]
2020-08-20 09:37:39.809 [main] INFO  o.s.b.a.e.jmx.EndpointMBeanExporter -Located managed bean 'infoEndpoint': registering with JMX server as MBean [org.springframework.boot:type=Endpoint,name=infoEndpoint]
2020-08-20 09:37:39.811 [main] INFO  o.s.b.a.e.jmx.EndpointMBeanExporter -Located managed bean 'loggersEndpoint': registering with JMX server as MBean [org.springframework.boot:type=Endpoint,name=loggersEndpoint]
2020-08-20 09:37:39.814 [main] INFO  o.s.b.a.e.jmx.EndpointMBeanExporter -Located managed bean 'metricsEndpoint': registering with JMX server as MBean [org.springframework.boot:type=Endpoint,name=metricsEndpoint]
2020-08-20 09:37:39.816 [main] INFO  o.s.b.a.e.jmx.EndpointMBeanExporter -Located managed bean 'traceEndpoint': registering with JMX server as MBean [org.springframework.boot:type=Endpoint,name=traceEndpoint]
2020-08-20 09:37:39.817 [main] INFO  o.s.b.a.e.jmx.EndpointMBeanExporter -Located managed bean 'dumpEndpoint': registering with JMX server as MBean [org.springframework.boot:type=Endpoint,name=dumpEndpoint]
2020-08-20 09:37:39.818 [main] INFO  o.s.b.a.e.jmx.EndpointMBeanExporter -Located managed bean 'autoConfigurationReportEndpoint': registering with JMX server as MBean [org.springframework.boot:type=Endpoint,name=autoConfigurationReportEndpoint]
2020-08-20 09:37:39.819 [main] INFO  o.s.b.a.e.jmx.EndpointMBeanExporter -Located managed bean 'configurationPropertiesReportEndpoint': registering with JMX server as MBean [org.springframework.boot:type=Endpoint,name=configurationPropertiesReportEndpoint]
2020-08-20 09:37:39.821 [main] INFO  o.s.b.a.e.jmx.EndpointMBeanExporter -Located managed bean 'archaiusEndpoint': registering with JMX server as MBean [org.springframework.boot:type=Endpoint,name=archaiusEndpoint]
2020-08-20 09:37:39.832 [main] INFO  o.a.coyote.http11.Http11NioProtocol -Initializing ProtocolHandler ["http-nio-7070"]
2020-08-20 09:37:39.848 [main] INFO  o.a.coyote.http11.Http11NioProtocol -Starting ProtocolHandler [http-nio-7070]
2020-08-20 09:37:39.856 [main] INFO  o.a.tomcat.util.net.NioSelectorPool -Using a shared selector for servlet write/read
2020-08-20 09:37:39.869 [main] INFO  o.s.b.c.e.t.TomcatEmbeddedServletContainer -Tomcat started on port(s): 7070 (http)
2020-08-20 09:37:39.869 [main] INFO  o.s.c.n.e.EurekaDiscoveryClientConfiguration -Updating port to 7070
2020-08-20 09:37:39.872 [main] INFO  com.lecar.EurekaServer -Started EurekaServer in 10.556 seconds (JVM running for 12.293)
2020-08-20 09:38:02.975 [http-nio-7070-exec-1] INFO  o.a.c.c.C.[Tomcat].[localhost].[/] -Initializing Spring FrameworkServlet 'dispatcherServlet'
2020-08-20 09:38:02.976 [http-nio-7070-exec-1] INFO  o.s.web.servlet.DispatcherServlet -FrameworkServlet 'dispatcherServlet': initialization started
2020-08-20 09:38:02.991 [http-nio-7070-exec-1] INFO  o.s.web.servlet.DispatcherServlet -FrameworkServlet 'dispatcherServlet': initialization completed in 15 ms
2020-08-20 09:38:03.414 [http-nio-7070-exec-2] INFO  c.n.e.r.AbstractInstanceRegistry -Registered instance ZUUL/DESKTOP-24VNPMN:zuul:7073 with status UP (replication=false)
2020-08-20 09:38:03.984 [http-nio-7070-exec-3] INFO  c.n.e.r.AbstractInstanceRegistry -Registered instance ZUUL/DESKTOP-24VNPMN:zuul:7073 with status UP (replication=true)
2020-08-20 09:38:39.804 [Eureka-EvictionTimer] INFO  c.n.e.r.AbstractInstanceRegistry -Running the evict task with compensationTime 0ms
2020-08-20 09:39:39.804 [Eureka-EvictionTimer] INFO  c.n.e.r.AbstractInstanceRegistry -Running the evict task with compensationTime 0ms
2020-08-20 09:40:39.805 [Eureka-EvictionTimer] INFO  c.n.e.r.AbstractInstanceRegistry -Running the evict task with compensationTime 0ms
2020-08-20 09:41:39.805 [Eureka-EvictionTimer] INFO  c.n.e.r.AbstractInstanceRegistry -Running the evict task with compensationTime 0ms
2020-08-20 09:42:39.806 [Eureka-EvictionTimer] INFO  c.n.e.r.AbstractInstanceRegistry -Running the evict task with compensationTime 0ms
2020-08-20 09:43:39.807 [Eureka-EvictionTimer] INFO  c.n.e.r.AbstractInstanceRegistry -Running the evict task with compensationTime 0ms
2020-08-20 09:44:39.807 [Eureka-EvictionTimer] INFO  c.n.e.r.AbstractInstanceRegistry -Running the evict task with compensationTime 0ms
2020-08-20 09:45:39.808 [Eureka-EvictionTimer] INFO  c.n.e.r.AbstractInstanceRegistry -Running the evict task with compensationTime 1ms
2020-08-20 09:46:24.595 [http-nio-7070-exec-10] INFO  c.n.e.r.AbstractInstanceRegistry -Registered instance SERVICE-B/DESKTOP-24VNPMN:service-B:7075 with status UP (replication=false)
2020-08-20 09:46:25.100 [http-nio-7070-exec-1] INFO  c.n.e.r.AbstractInstanceRegistry -Registered instance SERVICE-B/DESKTOP-24VNPMN:service-B:7075 with status UP (replication=true)
2020-08-20 09:46:39.808 [Eureka-EvictionTimer] INFO  c.n.e.r.AbstractInstanceRegistry -Running the evict task with compensationTime 0ms
2020-08-20 09:47:39.809 [Eureka-EvictionTimer] INFO  c.n.e.r.AbstractInstanceRegistry -Running the evict task with compensationTime 0ms
2020-08-20 09:48:39.810 [Eureka-EvictionTimer] INFO  c.n.e.r.AbstractInstanceRegistry -Running the evict task with compensationTime 0ms
2020-08-20 09:49:39.810 [Eureka-EvictionTimer] INFO  c.n.e.r.AbstractInstanceRegistry -Running the evict task with compensationTime 0ms
2020-08-20 09:49:43.027 [http-nio-7070-exec-8] INFO  c.n.e.r.AbstractInstanceRegistry -Registered instance SERVICE-B/DESKTOP-24VNPMN:service-B:7075 with status UP (replication=false)
2020-08-20 09:49:43.534 [http-nio-7070-exec-9] INFO  c.n.e.r.AbstractInstanceRegistry -Registered instance SERVICE-B/DESKTOP-24VNPMN:service-B:7075 with status UP (replication=true)
2020-08-20 09:50:39.811 [Eureka-EvictionTimer] INFO  c.n.e.r.AbstractInstanceRegistry -Running the evict task with compensationTime 0ms
2020-08-20 09:51:39.811 [Eureka-EvictionTimer] INFO  c.n.e.r.AbstractInstanceRegistry -Running the evict task with compensationTime 0ms
2020-08-20 09:52:38.242 [ReplicaAwareInstanceRegistry - RenewalThresholdUpdater] INFO  c.n.e.r.PeerAwareInstanceRegistryImpl -Current renewal threshold is : 5
2020-08-20 09:52:39.811 [Eureka-EvictionTimer] INFO  c.n.e.r.AbstractInstanceRegistry -Running the evict task with compensationTime 0ms
2020-08-20 09:53:39.812 [Eureka-EvictionTimer] INFO  c.n.e.r.AbstractInstanceRegistry -Running the evict task with compensationTime 0ms
2020-08-20 09:54:39.813 [Eureka-EvictionTimer] INFO  c.n.e.r.AbstractInstanceRegistry -Running the evict task with compensationTime 0ms
2020-08-20 09:55:39.813 [Eureka-EvictionTimer] INFO  c.n.e.r.AbstractInstanceRegistry -Running the evict task with compensationTime 0ms
2020-08-20 09:56:39.813 [Eureka-EvictionTimer] INFO  c.n.e.r.AbstractInstanceRegistry -Running the evict task with compensationTime 0ms
2020-08-20 09:57:39.814 [Eureka-EvictionTimer] INFO  c.n.e.r.AbstractInstanceRegistry -Running the evict task with compensationTime 0ms
2020-08-20 09:58:02.922 [http-nio-7070-exec-8] INFO  c.n.e.r.AbstractInstanceRegistry -Registered instance SERVICE-B/DESKTOP-24VNPMN:service-B:7075 with status UP (replication=false)
2020-08-20 09:58:03.426 [http-nio-7070-exec-10] INFO  c.n.e.r.AbstractInstanceRegistry -Registered instance SERVICE-B/DESKTOP-24VNPMN:service-B:7075 with status UP (replication=true)
2020-08-20 09:58:39.815 [Eureka-EvictionTimer] INFO  c.n.e.r.AbstractInstanceRegistry -Running the evict task with compensationTime 0ms
2020-08-20 09:59:39.815 [Eureka-EvictionTimer] INFO  c.n.e.r.AbstractInstanceRegistry -Running the evict task with compensationTime 0ms
2020-08-20 10:00:39.815 [Eureka-EvictionTimer] INFO  c.n.e.r.AbstractInstanceRegistry -Running the evict task with compensationTime 0ms
